<?xml version="1.0" encoding="UTF-8"?>
<!-- Generated by org.testng.reporters.JUnitReportReporter -->
<testsuite skipped="0" hostname="DESKTOP-QA7T95C" name="qa.tests.LoginPageTest" tests="2" failures="0" timestamp="2022-02-03T21:32:12 IST" time="40.025" errors="0">
  <testcase name="validateLoginTest" time="23.869" classname="qa.tests.LoginPageTest"/>
  <system-out/>
  <testcase name="validateLogoTest" time="16.156" classname="qa.tests.LoginPageTest"/>
  <system-out/>
</testsuite> <!-- qa.tests.LoginPageTest -->
